TN:
SF:src\components\SupportChatDrawer.tsx
FN:29,SupportChatDrawer
FN:39,(anonymous_1)
FN:56,(anonymous_2)
FN:70,(anonymous_3)
FN:87,(anonymous_4)
FN:95,(anonymous_5)
FN:108,(anonymous_6)
FN:162,(anonymous_7)
FN:193,(anonymous_8)
FN:207,(anonymous_9)
FNF:10
FNH:9
FNDA:29,SupportChatDrawer
FNDA:4,(anonymous_1)
FNDA:4,(anonymous_2)
FNDA:2,(anonymous_3)
FNDA:2,(anonymous_4)
FNDA:1,(anonymous_5)
FNDA:1,(anonymous_6)
FNDA:24,(anonymous_7)
FNDA:22,(anonymous_8)
FNDA:0,(anonymous_9)
DA:30,29
DA:33,29
DA:34,29
DA:37,29
DA:39,29
DA:40,4
DA:43,29
DA:50,29
DA:51,29
DA:53,29
DA:54,29
DA:56,29
DA:57,4
DA:58,2
DA:60,2
DA:61,0
DA:63,2
DA:64,2
DA:66,0
DA:70,29
DA:71,2
DA:72,2
DA:83,0
DA:87,29
DA:88,2
DA:89,2
DA:91,2
DA:92,1
DA:96,1
DA:97,1
DA:98,1
DA:102,1
DA:105,1
DA:109,1
DA:110,1
DA:117,29
DA:128,29
DA:163,24
DA:193,22
DA:207,0
LF:40
LH:36
BRDA:30,0,0,29
BRDA:40,1,0,2
BRDA:40,1,1,2
BRDA:45,2,0,29
BRDA:45,2,1,26
BRDA:46,3,0,29
BRDA:46,3,1,0
BRDA:53,4,0,29
BRDA:53,4,1,29
BRDA:54,5,0,29
BRDA:54,5,1,4
BRDA:57,6,0,2
BRDA:57,6,1,2
BRDA:60,7,0,0
BRDA:60,7,1,2
BRDA:63,8,0,2
BRDA:63,8,1,0
BRDA:89,9,0,0
BRDA:89,9,1,2
BRDA:91,10,0,1
BRDA:91,10,1,1
BRDA:140,11,0,29
BRDA:140,11,1,25
BRDA:153,12,0,1
BRDA:153,12,1,28
BRDA:153,13,0,29
BRDA:153,13,1,28
BRDA:158,14,0,4
BRDA:158,14,1,24
BRDA:166,15,0,24
BRDA:166,15,1,0
BRDA:173,16,0,24
BRDA:173,16,1,0
BRDA:176,17,0,24
BRDA:176,17,1,0
BRDA:204,18,0,26
BRDA:204,18,1,3
BRF:37
BRH:30
end_of_record
TN:
SF:src\components\ui\badge.tsx
FN:32,Badge
FNF:1
FNH:1
FNDA:52,Badge
DA:6,1
DA:33,52
LF:2
LH:2
BRF:0
BRH:0
end_of_record
TN:
SF:src\components\ui\button.tsx
FN:49,(anonymous_0)
FNF:1
FNH:1
FNDA:56,(anonymous_0)
DA:7,1
DA:48,1
DA:50,56
DA:51,56
DA:60,1
LF:5
LH:5
BRDA:49,0,0,56
BRDA:50,1,0,0
BRDA:50,1,1,56
BRF:3
BRH:2
end_of_record
TN:
SF:src\components\ui\scroll-area.tsx
FN:9,(anonymous_0)
FN:27,(anonymous_1)
FNF:2
FNH:2
FNDA:28,(anonymous_0)
FNDA:28,(anonymous_1)
DA:6,1
DA:10,28
DA:22,1
DA:24,1
DA:28,28
DA:44,1
LF:6
LH:6
BRDA:27,0,0,28
BRDA:33,1,0,28
BRDA:33,1,1,28
BRDA:35,2,0,28
BRDA:35,2,1,0
BRF:5
BRH:4
end_of_record
TN:
SF:src\components\ui\separator.tsx
FN:10,(anonymous_0)
FNF:1
FNH:1
FNDA:28,(anonymous_0)
DA:6,1
DA:14,28
DA:27,1
LF:3
LH:3
BRDA:11,0,0,28
BRDA:11,1,0,28
BRDA:20,2,0,28
BRDA:20,2,1,0
BRF:4
BRH:3
end_of_record
TN:
SF:src\components\ui\textarea.tsx
FN:8,(anonymous_0)
FNF:1
FNH:1
FNDA:28,(anonymous_0)
DA:5,1
DA:9,28
DA:20,1
LF:3
LH:3
BRF:0
BRH:0
end_of_record
TN:
SF:src\lib\utils.ts
FN:4,cn
FNF:1
FNH:1
FNDA:220,cn
DA:5,220
LF:1
LH:1
BRF:0
BRH:0
end_of_record
